[2019-11-15T17:19:04.544] [DEBUG] cheese - login => username:1,password:1
[2019-11-15T17:19:04.547] [DEBUG] cheese - 1
[2019-11-15T17:19:04.587] [DEBUG] cheese - null
[2019-11-15T17:19:04.588] [DEBUG] cheese - null
[2019-11-15T17:19:15.271] [DEBUG] cheese - login => username:admin,password:123456
[2019-11-15T17:19:15.272] [DEBUG] cheese - admin
[2019-11-15T17:19:15.281] [DEBUG] cheese - null
[2019-11-15T17:19:15.281] [DEBUG] cheese - null
[2019-11-16T18:14:25.541] [DEBUG] cheese - login => username:admin,password:123456
[2019-11-16T18:14:25.544] [DEBUG] cheese - admin
[2019-11-16T18:14:25.577] [DEBUG] cheese - null
[2019-11-16T18:14:25.577] [DEBUG] cheese - null
[2019-11-17T20:08:08.181] [DEBUG] cheese - login => username:111,password:111
[2019-11-17T20:08:08.183] [DEBUG] cheese - 111
[2019-11-17T20:08:08.233] [DEBUG] cheese - null
[2019-11-17T20:08:08.233] [DEBUG] cheese - null
[2019-11-17T20:09:06.615] [DEBUG] cheese - login => username:123,password:123
[2019-11-17T20:09:06.617] [DEBUG] cheese - 123
[2019-11-17T20:09:06.622] [DEBUG] cheese - null
[2019-11-17T20:09:06.622] [DEBUG] cheese - null
[2019-11-17T20:09:19.826] [DEBUG] cheese - login => username:admin,password:123456
[2019-11-17T20:09:19.826] [DEBUG] cheese - admin
[2019-11-17T20:09:19.836] [DEBUG] cheese - null
[2019-11-17T20:09:19.836] [DEBUG] cheese - null
[2019-11-17T20:09:33.171] [DEBUG] cheese - login => username:admin,password:123456
[2019-11-17T20:09:33.172] [DEBUG] cheese - admin
[2019-11-17T20:09:33.175] [DEBUG] cheese - null
[2019-11-17T20:09:33.175] [DEBUG] cheese - null
[2019-11-17T20:11:15.847] [DEBUG] cheese - login => username:123,password:12345
[2019-11-17T20:11:15.847] [DEBUG] cheese - 123
[2019-11-17T20:11:15.852] [DEBUG] cheese - null
[2019-11-17T20:11:15.852] [DEBUG] cheese - null
[2019-11-17T20:11:27.502] [DEBUG] cheese - login => username:admin,password:123456
[2019-11-17T20:11:27.503] [DEBUG] cheese - admin
[2019-11-17T20:11:27.506] [DEBUG] cheese - null
[2019-11-17T20:11:27.506] [DEBUG] cheese - null
[2019-11-17T20:12:32.295] [DEBUG] cheese - login => username:133,password:123
[2019-11-17T20:12:32.295] [DEBUG] cheese - 133
[2019-11-17T20:12:32.298] [DEBUG] cheese - null
[2019-11-17T20:12:32.298] [DEBUG] cheese - null
[2019-11-17T20:13:27.982] [DEBUG] cheese - login => username:12345,password:132456
[2019-11-17T20:13:27.983] [DEBUG] cheese - 12345
[2019-11-17T20:13:27.986] [DEBUG] cheese - null
[2019-11-17T20:13:27.986] [DEBUG] cheese - null
[2019-11-17T20:13:42.608] [DEBUG] cheese - login => username:admin,password:123456
[2019-11-17T20:13:42.608] [DEBUG] cheese - admin
[2019-11-17T20:13:42.610] [DEBUG] cheese - null
[2019-11-17T20:13:42.610] [DEBUG] cheese - null
[2019-11-17T20:16:27.170] [DEBUG] cheese - login => username:123465,password:123456
[2019-11-17T20:16:27.171] [DEBUG] cheese - 123465
[2019-11-17T20:16:27.174] [DEBUG] cheese - null
[2019-11-17T20:16:27.174] [DEBUG] cheese - null
[2019-11-17T20:16:35.399] [DEBUG] cheese - login => username:admin,password:123456
[2019-11-17T20:16:35.399] [DEBUG] cheese - admin
[2019-11-17T20:16:35.405] [DEBUG] cheese - null
[2019-11-17T20:16:35.405] [DEBUG] cheese - null
[2019-11-17T20:47:30.230] [DEBUG] cheese - login => username:123,password:132
[2019-11-17T20:47:30.230] [DEBUG] cheese - 123
[2019-11-17T20:47:30.234] [DEBUG] cheese - null
[2019-11-17T20:47:30.234] [DEBUG] cheese - null
[2019-11-17T20:47:39.129] [DEBUG] cheese - login => username:admin,password:123456
[2019-11-17T20:47:39.130] [DEBUG] cheese - admin
[2019-11-17T20:47:39.135] [DEBUG] cheese - null
[2019-11-17T20:47:39.135] [DEBUG] cheese - null
[2019-11-17T21:17:49.593] [DEBUG] cheese - login => username:123456,password:123456
[2019-11-17T21:17:49.593] [DEBUG] cheese - 123456
[2019-11-17T21:17:49.604] [DEBUG] cheese - null
[2019-11-17T21:17:49.604] [DEBUG] cheese - null
[2019-11-17T21:17:57.007] [DEBUG] cheese - login => username:admin,password:123456
[2019-11-17T21:17:57.007] [DEBUG] cheese - admin
[2019-11-17T21:17:57.010] [DEBUG] cheese - null
[2019-11-17T21:17:57.010] [DEBUG] cheese - null
[2019-11-17T21:20:14.703] [DEBUG] cheese - login => username:admin,password:123456
[2019-11-17T21:20:14.703] [DEBUG] cheese - admin
[2019-11-17T21:20:14.706] [DEBUG] cheese - null
[2019-11-17T21:20:14.706] [DEBUG] cheese - null
[2019-11-17T21:56:13.520] [DEBUG] cheese - login => username:admin,password:123456
[2019-11-17T21:56:13.520] [DEBUG] cheese - admin
[2019-11-17T21:56:13.525] [DEBUG] cheese - null
[2019-11-17T21:56:13.525] [DEBUG] cheese - null
[2019-11-17T21:56:38.972] [DEBUG] cheese - login => username:admin,password:123456
[2019-11-17T21:56:38.972] [DEBUG] cheese - admin
[2019-11-17T21:56:38.976] [DEBUG] cheese - null
[2019-11-17T21:56:38.976] [DEBUG] cheese - null
[2019-11-17T22:01:00.850] [DEBUG] cheese - login => username:admin,password:123456
[2019-11-17T22:01:00.850] [DEBUG] cheese - admin
[2019-11-17T22:01:00.853] [DEBUG] cheese - null
[2019-11-17T22:01:00.853] [DEBUG] cheese - null
[2019-11-17T22:34:53.310] [DEBUG] cheese - login => username:admin,password:123456
[2019-11-17T22:34:53.310] [DEBUG] cheese - admin
[2019-11-17T22:34:53.319] [DEBUG] cheese - null
[2019-11-17T22:34:53.319] [DEBUG] cheese - null
[2019-11-17T22:35:01.280] [DEBUG] cheese - login => username:admin,password:123456
[2019-11-17T22:35:01.280] [DEBUG] cheese - admin
[2019-11-17T22:35:01.282] [DEBUG] cheese - null
[2019-11-17T22:35:01.282] [DEBUG] cheese - null
[2019-11-17T22:35:12.472] [DEBUG] cheese - login => username:admin,password:123456
[2019-11-17T22:35:12.474] [DEBUG] cheese - admin
[2019-11-17T22:35:12.476] [DEBUG] cheese - null
[2019-11-17T22:35:12.477] [DEBUG] cheese - null
[2019-11-17T22:46:28.948] [DEBUG] cheese - login => username:admin,password:123456
[2019-11-17T22:46:28.948] [DEBUG] cheese - admin
[2019-11-17T22:46:28.951] [DEBUG] cheese - null
[2019-11-17T22:46:28.951] [DEBUG] cheese - null
[2019-11-17T22:52:15.222] [DEBUG] cheese - login => username:admin,password:123456
[2019-11-17T22:52:15.222] [DEBUG] cheese - admin
[2019-11-17T22:52:15.224] [DEBUG] cheese - null
[2019-11-17T22:52:15.225] [DEBUG] cheese - null
[2019-11-18T10:16:24.534] [DEBUG] cheese - login => username:admin,password:123456
[2019-11-18T10:16:24.536] [DEBUG] cheese - admin
[2019-11-18T10:16:24.576] [DEBUG] cheese - null
[2019-11-18T10:16:24.576] [DEBUG] cheese - null
[2019-11-18T11:39:37.457] [DEBUG] cheese - login => username:admin,password:123456
[2019-11-18T11:39:37.458] [DEBUG] cheese - admin
[2019-11-18T11:39:37.470] [DEBUG] cheese - null
[2019-11-18T11:39:37.470] [DEBUG] cheese - null
[2019-11-18T11:41:15.227] [DEBUG] cheese - login => username:admin,password:123456
[2019-11-18T11:41:15.227] [DEBUG] cheese - admin
[2019-11-18T11:41:15.230] [DEBUG] cheese - null
[2019-11-18T11:41:15.230] [DEBUG] cheese - null
[2019-11-18T16:23:27.964] [DEBUG] cheese - login => username:admin,password:123456
[2019-11-18T16:23:27.965] [DEBUG] cheese - admin
[2019-11-18T16:23:27.971] [DEBUG] cheese - null
[2019-11-18T16:23:27.971] [DEBUG] cheese - null
[2019-11-18T16:23:33.225] [DEBUG] cheese - login => username:admin,password:12345
[2019-11-18T16:23:33.225] [DEBUG] cheese - admin
[2019-11-18T16:23:33.230] [DEBUG] cheese - null
[2019-11-18T16:23:33.230] [DEBUG] cheese - null
[2019-11-18T16:23:34.158] [DEBUG] cheese - login => username:admin,password:12345
[2019-11-18T16:23:34.158] [DEBUG] cheese - admin
[2019-11-18T16:23:34.161] [DEBUG] cheese - null
[2019-11-18T16:23:34.161] [DEBUG] cheese - null
[2019-11-18T16:23:39.786] [DEBUG] cheese - login => username:admin,password:12345
[2019-11-18T16:23:39.786] [DEBUG] cheese - admin
[2019-11-18T16:23:39.790] [DEBUG] cheese - null
[2019-11-18T16:23:39.790] [DEBUG] cheese - null
[2019-11-18T16:23:44.995] [DEBUG] cheese - login => username:admin,password:123456
[2019-11-18T16:23:44.995] [DEBUG] cheese - admin
[2019-11-18T16:23:44.998] [DEBUG] cheese - null
[2019-11-18T16:23:44.998] [DEBUG] cheese - null
[2019-11-18T17:12:13.524] [DEBUG] cheese - login => username:admin,password:123456
[2019-11-18T17:12:13.526] [DEBUG] cheese - admin
[2019-11-18T17:12:13.541] [DEBUG] cheese - null
[2019-11-18T17:12:13.541] [DEBUG] cheese - null
[2019-11-18T19:27:54.550] [DEBUG] cheese - login => username:admin,password:123456
[2019-11-18T19:27:54.551] [DEBUG] cheese - admin
[2019-11-18T19:27:54.562] [DEBUG] cheese - null
[2019-11-18T19:27:54.562] [DEBUG] cheese - null
[2019-11-18T19:28:36.998] [DEBUG] cheese - login => username:admin,password:123456
[2019-11-18T19:28:36.999] [DEBUG] cheese - admin
[2019-11-18T19:28:37.011] [DEBUG] cheese - null
[2019-11-18T19:28:37.011] [DEBUG] cheese - null
[2019-11-18T19:29:34.135] [DEBUG] cheese - login => username:admin,password:123456
[2019-11-18T19:29:34.135] [DEBUG] cheese - admin
[2019-11-18T19:29:34.138] [DEBUG] cheese - null
[2019-11-18T19:29:34.138] [DEBUG] cheese - null
[2019-11-18T19:35:05.285] [DEBUG] cheese - login => username:admin,password:123456
[2019-11-18T19:35:05.285] [DEBUG] cheese - admin
[2019-11-18T19:35:05.288] [DEBUG] cheese - null
[2019-11-18T19:35:05.288] [DEBUG] cheese - null
[2019-11-18T19:35:17.046] [DEBUG] cheese - login => username:admin,password:123456
[2019-11-18T19:35:17.047] [DEBUG] cheese - admin
[2019-11-18T19:35:17.049] [DEBUG] cheese - null
[2019-11-18T19:35:17.049] [DEBUG] cheese - null
[2019-11-18T19:35:22.111] [DEBUG] cheese - login => username:admin,password:123456
[2019-11-18T19:35:22.111] [DEBUG] cheese - admin
[2019-11-18T19:35:22.117] [DEBUG] cheese - null
[2019-11-18T19:35:22.117] [DEBUG] cheese - null
[2019-11-18T19:35:35.786] [DEBUG] cheese - login => username:admin,password:123456
[2019-11-18T19:35:35.787] [DEBUG] cheese - admin
[2019-11-18T19:35:35.790] [DEBUG] cheese - null
[2019-11-18T19:35:35.790] [DEBUG] cheese - null
[2019-11-18T19:36:42.869] [DEBUG] cheese - login => username:admin,password:123456
[2019-11-18T19:36:42.869] [DEBUG] cheese - admin
[2019-11-18T19:36:42.874] [DEBUG] cheese - null
[2019-11-18T19:36:42.874] [DEBUG] cheese - null
[2019-11-18T19:37:13.212] [DEBUG] cheese - login => username:admin,password:123456
[2019-11-18T19:37:13.212] [DEBUG] cheese - admin
[2019-11-18T19:37:13.217] [DEBUG] cheese - null
[2019-11-18T19:37:13.217] [DEBUG] cheese - null
[2019-11-18T19:37:19.342] [DEBUG] cheese - login => username:admin,password:123456
[2019-11-18T19:37:19.342] [DEBUG] cheese - admin
[2019-11-18T19:37:19.346] [DEBUG] cheese - null
[2019-11-18T19:37:19.346] [DEBUG] cheese - null
[2019-11-18T19:37:44.467] [DEBUG] cheese - login => username:admin,password:123456
[2019-11-18T19:37:44.467] [DEBUG] cheese - admin
[2019-11-18T19:37:44.469] [DEBUG] cheese - null
[2019-11-18T19:37:44.470] [DEBUG] cheese - null
[2019-11-18T20:02:35.236] [DEBUG] cheese - login => username:admin,password:123456
[2019-11-18T20:02:35.237] [DEBUG] cheese - admin
[2019-11-18T20:02:35.240] [DEBUG] cheese - null
[2019-11-18T20:02:35.240] [DEBUG] cheese - null
[2019-11-18T22:20:10.296] [DEBUG] cheese - login => username:admin,password:123456
[2019-11-18T22:20:10.298] [DEBUG] cheese - admin
[2019-11-18T22:20:10.306] [DEBUG] cheese - null
[2019-11-18T22:20:10.306] [DEBUG] cheese - null
[2019-11-18T22:20:12.505] [DEBUG] cheese - login => username:admin,password:123456
[2019-11-18T22:20:12.506] [DEBUG] cheese - admin
[2019-11-18T22:20:12.508] [DEBUG] cheese - null
[2019-11-18T22:20:12.508] [DEBUG] cheese - null
[2019-11-18T22:20:14.737] [DEBUG] cheese - login => username:admin,password:123456
[2019-11-18T22:20:14.738] [DEBUG] cheese - admin
[2019-11-18T22:20:14.741] [DEBUG] cheese - null
[2019-11-18T22:20:14.741] [DEBUG] cheese - null
[2019-11-18T22:20:17.284] [DEBUG] cheese - login => username:admin,password:123456
[2019-11-18T22:20:17.284] [DEBUG] cheese - admin
[2019-11-18T22:20:17.286] [DEBUG] cheese - null
[2019-11-18T22:20:17.286] [DEBUG] cheese - null
[2019-11-18T22:20:28.645] [DEBUG] cheese - login => username:admin,password:123456
[2019-11-18T22:20:28.645] [DEBUG] cheese - admin
[2019-11-18T22:20:28.649] [DEBUG] cheese - null
[2019-11-18T22:20:28.649] [DEBUG] cheese - null
[2019-11-19T09:01:39.935] [DEBUG] cheese - login => username:admin,password:123456
[2019-11-19T09:01:39.938] [DEBUG] cheese - admin
[2019-11-19T09:01:39.982] [DEBUG] cheese - null
[2019-11-19T09:01:39.982] [DEBUG] cheese - null
[2019-11-19T09:01:49.093] [DEBUG] cheese - login => username:admin,password:123456
[2019-11-19T09:01:49.093] [DEBUG] cheese - admin
[2019-11-19T09:01:49.097] [DEBUG] cheese - null
[2019-11-19T09:01:49.098] [DEBUG] cheese - null
[2019-11-19T09:14:42.481] [DEBUG] cheese - login => username:admin,password:123456
[2019-11-19T09:14:42.481] [DEBUG] cheese - admin
[2019-11-19T09:14:42.484] [DEBUG] cheese - null
[2019-11-19T09:14:42.484] [DEBUG] cheese - null
[2019-11-19T09:14:48.254] [DEBUG] cheese - login => username:admin,password:123456
[2019-11-19T09:14:48.254] [DEBUG] cheese - admin
[2019-11-19T09:14:48.256] [DEBUG] cheese - null
[2019-11-19T09:14:48.256] [DEBUG] cheese - null
[2019-11-19T10:57:50.974] [DEBUG] cheese - login => username:admin,password:123456
[2019-11-19T10:57:50.975] [DEBUG] cheese - admin
[2019-11-19T10:57:50.980] [DEBUG] cheese - null
[2019-11-19T10:57:50.981] [DEBUG] cheese - null
[2019-11-19T10:59:49.511] [DEBUG] cheese - login => username:admin,password:123456
[2019-11-19T10:59:49.512] [DEBUG] cheese - admin
[2019-11-19T10:59:49.515] [DEBUG] cheese - null
[2019-11-19T10:59:49.515] [DEBUG] cheese - null
[2019-11-19T11:00:25.728] [DEBUG] cheese - login => username:admin,password:123456
[2019-11-19T11:00:25.728] [DEBUG] cheese - admin
[2019-11-19T11:00:25.731] [DEBUG] cheese - null
[2019-11-19T11:00:25.731] [DEBUG] cheese - null
[2019-11-19T15:15:10.560] [DEBUG] cheese - login => username:admin,password:123456
[2019-11-19T15:15:10.563] [DEBUG] cheese - admin
[2019-11-19T15:15:10.573] [DEBUG] cheese - null
[2019-11-19T15:15:10.573] [DEBUG] cheese - null
[2019-11-19T19:05:51.988] [DEBUG] cheese - login => username:admin,password:123456
[2019-11-19T19:05:51.991] [DEBUG] cheese - admin
[2019-11-19T19:05:52.004] [DEBUG] cheese - null
[2019-11-19T19:05:52.004] [DEBUG] cheese - null
[2019-11-19T20:17:18.723] [DEBUG] cheese - login => username:admin,password:123456
[2019-11-19T20:17:18.724] [DEBUG] cheese - admin
[2019-11-19T20:17:18.729] [DEBUG] cheese - null
[2019-11-19T20:17:18.729] [DEBUG] cheese - null
[2019-11-19T21:37:45.325] [DEBUG] cheese - login => username:admin,password:123456
[2019-11-19T21:37:45.335] [DEBUG] cheese - admin
[2019-11-19T21:37:45.354] [DEBUG] cheese - null
[2019-11-19T21:37:45.355] [DEBUG] cheese - null
[2019-11-19T22:20:35.969] [DEBUG] cheese - login => username:admin,password:123456
[2019-11-19T22:20:35.970] [DEBUG] cheese - admin
[2019-11-19T22:20:35.976] [DEBUG] cheese - null
[2019-11-19T22:20:35.977] [DEBUG] cheese - null
[2019-11-20T09:04:38.965] [DEBUG] cheese - login => username:admin,password:123456
[2019-11-20T09:04:38.967] [DEBUG] cheese - admin
[2019-11-20T09:04:39.005] [DEBUG] cheese - null
[2019-11-20T09:04:39.005] [DEBUG] cheese - null
[2019-11-20T10:44:33.454] [DEBUG] cheese - login => username:admin,password:123456
[2019-11-20T10:44:33.455] [DEBUG] cheese - admin
[2019-11-20T10:44:33.467] [DEBUG] cheese - null
[2019-11-20T10:44:33.467] [DEBUG] cheese - null
[2019-11-20T10:46:43.773] [DEBUG] cheese - login => username:admin,password:123456
[2019-11-20T10:46:43.773] [DEBUG] cheese - admin
[2019-11-20T10:46:43.778] [DEBUG] cheese - null
[2019-11-20T10:46:43.778] [DEBUG] cheese - null
[2019-11-20T10:51:55.505] [DEBUG] cheese - login => username:admin,password:123456
[2019-11-20T10:51:55.505] [DEBUG] cheese - admin
[2019-11-20T10:51:55.508] [DEBUG] cheese - null
[2019-11-20T10:51:55.509] [DEBUG] cheese - null
[2019-11-20T11:09:36.083] [DEBUG] cheese - login => username:admin,password:123456
[2019-11-20T11:09:36.083] [DEBUG] cheese - admin
[2019-11-20T11:09:36.085] [DEBUG] cheese - null
[2019-11-20T11:09:36.085] [DEBUG] cheese - null
[2019-11-20T11:12:58.881] [DEBUG] cheese - login => username:admin,password:123456
[2019-11-20T11:12:58.881] [DEBUG] cheese - admin
[2019-11-20T11:12:58.884] [DEBUG] cheese - null
[2019-11-20T11:12:58.884] [DEBUG] cheese - null
[2019-11-20T11:27:52.052] [DEBUG] cheese - login => username:admin,password:123456
[2019-11-20T11:27:52.052] [DEBUG] cheese - admin
[2019-11-20T11:27:52.057] [DEBUG] cheese - null
[2019-11-20T11:27:52.057] [DEBUG] cheese - null
[2019-11-20T15:51:52.399] [DEBUG] cheese - login => username:admin,password:123456
[2019-11-20T15:51:52.401] [DEBUG] cheese - admin
[2019-11-20T15:51:52.427] [DEBUG] cheese - null
[2019-11-20T15:51:52.428] [DEBUG] cheese - null
[2019-11-21T09:51:54.072] [DEBUG] cheese - login => username:admin,password:123456
[2019-11-21T09:51:54.074] [DEBUG] cheese - admin
[2019-11-21T09:51:54.117] [DEBUG] cheese - null
[2019-11-21T09:51:54.118] [DEBUG] cheese - null
[2019-11-21T20:34:33.023] [DEBUG] cheese - login => username:admin,password:123456
[2019-11-21T20:34:33.025] [DEBUG] cheese - admin
[2019-11-21T20:34:33.091] [DEBUG] cheese - null
[2019-11-21T20:34:33.091] [DEBUG] cheese - null
[2019-11-21T21:27:13.916] [DEBUG] cheese - login => username:ZKY,password:123
[2019-11-21T21:27:13.917] [DEBUG] cheese - ZKY
[2019-11-21T21:27:13.921] [DEBUG] cheese - null
[2019-11-21T21:27:13.921] [DEBUG] cheese - null
[2019-11-21T21:27:15.406] [DEBUG] cheese - login => username:ZKY,password:123
[2019-11-21T21:27:15.407] [DEBUG] cheese - ZKY
[2019-11-21T21:27:15.411] [DEBUG] cheese - null
[2019-11-21T21:27:15.411] [DEBUG] cheese - null
[2019-11-21T21:27:16.210] [DEBUG] cheese - login => username:ZKY,password:123
[2019-11-21T21:27:16.210] [DEBUG] cheese - ZKY
[2019-11-21T21:27:16.213] [DEBUG] cheese - null
[2019-11-21T21:27:16.213] [DEBUG] cheese - null
[2019-11-21T21:27:16.833] [DEBUG] cheese - login => username:ZKY,password:123
[2019-11-21T21:27:16.833] [DEBUG] cheese - ZKY
[2019-11-21T21:27:16.836] [DEBUG] cheese - null
[2019-11-21T21:27:16.836] [DEBUG] cheese - null
[2019-11-21T21:27:17.412] [DEBUG] cheese - login => username:ZKY,password:123
[2019-11-21T21:27:17.412] [DEBUG] cheese - ZKY
[2019-11-21T21:27:17.415] [DEBUG] cheese - null
[2019-11-21T21:27:17.415] [DEBUG] cheese - null
[2019-11-21T21:27:17.916] [DEBUG] cheese - login => username:ZKY,password:123
[2019-11-21T21:27:17.916] [DEBUG] cheese - ZKY
[2019-11-21T21:27:17.918] [DEBUG] cheese - null
[2019-11-21T21:27:17.918] [DEBUG] cheese - null
[2019-11-21T21:27:18.369] [DEBUG] cheese - login => username:ZKY,password:123
[2019-11-21T21:27:18.369] [DEBUG] cheese - ZKY
[2019-11-21T21:27:18.372] [DEBUG] cheese - null
[2019-11-21T21:27:18.372] [DEBUG] cheese - null
[2019-11-21T21:27:18.891] [DEBUG] cheese - login => username:ZKY,password:123
[2019-11-21T21:27:18.891] [DEBUG] cheese - ZKY
[2019-11-21T21:27:18.893] [DEBUG] cheese - null
[2019-11-21T21:27:18.893] [DEBUG] cheese - null
[2019-11-21T21:27:19.294] [DEBUG] cheese - login => username:ZKY,password:123
[2019-11-21T21:27:19.294] [DEBUG] cheese - ZKY
[2019-11-21T21:27:19.297] [DEBUG] cheese - null
[2019-11-21T21:27:19.297] [DEBUG] cheese - null
[2019-11-21T21:27:19.473] [DEBUG] cheese - login => username:ZKY,password:123
[2019-11-21T21:27:19.473] [DEBUG] cheese - ZKY
[2019-11-21T21:27:19.476] [DEBUG] cheese - null
[2019-11-21T21:27:19.476] [DEBUG] cheese - null
[2019-11-21T21:27:20.281] [DEBUG] cheese - login => username:ZKY,password:123
[2019-11-21T21:27:20.281] [DEBUG] cheese - ZKY
[2019-11-21T21:27:20.283] [DEBUG] cheese - null
[2019-11-21T21:27:20.283] [DEBUG] cheese - null
[2019-11-21T21:27:21.734] [DEBUG] cheese - login => username:admin,password:123456
[2019-11-21T21:27:21.734] [DEBUG] cheese - admin
[2019-11-21T21:27:21.737] [DEBUG] cheese - null
[2019-11-21T21:27:21.737] [DEBUG] cheese - null
